2024-01-19 12:30:25.048 [background-preinit] INFO org.hibernate.validator.internal.util.Version - HV000001: Hibernate Validator 8.0.1.Final
2024-01-19 12:30:25.091 [main] INFO com.chatty.ChattyApplication - Starting ChattyApplication using Java 18.0.2 with PID 51697 (/Users/developer/IdeaProjects/Chatty-Backend/build/classes/java/main started by developer in /Users/developer/IdeaProjects/Chatty-Backend)
2024-01-19 12:30:25.093 [main] INFO com.chatty.ChattyApplication - No active profile set, falling back to 1 default profile: "default"
2024-01-19 12:30:26.392 [main] INFO org.springframework.data.repository.config.RepositoryConfigurationDelegate - Multiple Spring Data modules found, entering strict repository configuration mode
2024-01-19 12:30:26.393 [main] INFO org.springframework.data.repository.config.RepositoryConfigurationDelegate - Bootstrapping Spring Data Redis repositories in DEFAULT mode.
2024-01-19 12:30:26.419 [main] INFO org.springframework.data.repository.config.RepositoryConfigurationDelegate - Finished Spring Data repository scanning in 9 ms. Found 0 Redis repository interfaces.
2024-01-19 12:30:26.827 [main] INFO org.springframework.data.repository.config.RepositoryConfigurationDelegate - Multiple Spring Data modules found, entering strict repository configuration mode
2024-01-19 12:30:26.828 [main] INFO org.springframework.data.repository.config.RepositoryConfigurationDelegate - Bootstrapping Spring Data JPA repositories in DEFAULT mode.
2024-01-19 12:30:27.019 [main] INFO org.springframework.data.repository.config.RepositoryConfigurationDelegate - Finished Spring Data repository scanning in 188 ms. Found 4 JPA repository interfaces.
2024-01-19 12:30:27.038 [main] INFO org.springframework.data.repository.config.RepositoryConfigurationDelegate - Multiple Spring Data modules found, entering strict repository configuration mode
2024-01-19 12:30:27.039 [main] INFO org.springframework.data.repository.config.RepositoryConfigurationDelegate - Bootstrapping Spring Data Redis repositories in DEFAULT mode.
2024-01-19 12:30:27.058 [main] INFO org.springframework.data.repository.config.RepositoryConfigurationExtensionSupport - Spring Data Redis - Could not safely identify store assignment for repository candidate interface com.chatty.repository.chat.ChatRoomRepository; If you want this repository to be a Redis repository, consider annotating your entities with one of these annotations: org.springframework.data.redis.core.RedisHash (preferred), or consider extending one of the following types with your repository: org.springframework.data.keyvalue.repository.KeyValueRepository
2024-01-19 12:30:27.058 [main] INFO org.springframework.data.repository.config.RepositoryConfigurationExtensionSupport - Spring Data Redis - Could not safely identify store assignment for repository candidate interface com.chatty.repository.chat.MessageRepository; If you want this repository to be a Redis repository, consider annotating your entities with one of these annotations: org.springframework.data.redis.core.RedisHash (preferred), or consider extending one of the following types with your repository: org.springframework.data.keyvalue.repository.KeyValueRepository
2024-01-19 12:30:27.061 [main] INFO org.springframework.data.repository.config.RepositoryConfigurationExtensionSupport - Spring Data Redis - Could not safely identify store assignment for repository candidate interface com.chatty.repository.match.MatchRepository; If you want this repository to be a Redis repository, consider annotating your entities with one of these annotations: org.springframework.data.redis.core.RedisHash (preferred), or consider extending one of the following types with your repository: org.springframework.data.keyvalue.repository.KeyValueRepository
2024-01-19 12:30:27.062 [main] INFO org.springframework.data.repository.config.RepositoryConfigurationExtensionSupport - Spring Data Redis - Could not safely identify store assignment for repository candidate interface com.chatty.repository.user.UserRepository; If you want this repository to be a Redis repository, consider annotating your entities with one of these annotations: org.springframework.data.redis.core.RedisHash (preferred), or consider extending one of the following types with your repository: org.springframework.data.keyvalue.repository.KeyValueRepository
2024-01-19 12:30:27.062 [main] INFO org.springframework.data.repository.config.RepositoryConfigurationDelegate - Finished Spring Data repository scanning in 22 ms. Found 0 Redis repository interfaces.
2024-01-19 12:30:28.033 [main] INFO org.springframework.boot.web.embedded.tomcat.TomcatWebServer - Tomcat initialized with port 8080 (http)
2024-01-19 12:30:28.049 [main] INFO org.apache.coyote.http11.Http11NioProtocol - Initializing ProtocolHandler ["http-nio-8080"]
2024-01-19 12:30:28.051 [main] INFO org.apache.catalina.core.StandardService - Starting service [Tomcat]
2024-01-19 12:30:28.051 [main] INFO org.apache.catalina.core.StandardEngine - Starting Servlet engine: [Apache Tomcat/10.1.16]
2024-01-19 12:30:28.144 [main] INFO org.apache.catalina.core.ContainerBase.[Tomcat].[localhost].[/] - Initializing Spring embedded WebApplicationContext
2024-01-19 12:30:28.147 [main] INFO org.springframework.boot.web.servlet.context.ServletWebServerApplicationContext - Root WebApplicationContext: initialization completed in 2974 ms
2024-01-19 12:30:28.385 [main] INFO org.hibernate.jpa.internal.util.LogHelper - HHH000204: Processing PersistenceUnitInfo [name: default]
2024-01-19 12:30:28.437 [main] INFO org.hibernate.Version - HHH000412: Hibernate ORM core version 6.3.1.Final
2024-01-19 12:30:28.448 [main] INFO org.hibernate.spatial.integration.SpatialService - HHH80000001: hibernate-spatial integration enabled : true
2024-01-19 12:30:28.471 [main] INFO org.hibernate.cache.internal.RegionFactoryInitiator - HHH000026: Second-level cache disabled
2024-01-19 12:30:28.580 [main] INFO com.zaxxer.hikari.HikariDataSource - HikariPool-1 - Starting...
2024-01-19 12:30:29.091 [main] INFO com.zaxxer.hikari.pool.HikariPool - HikariPool-1 - Added connection com.mysql.cj.jdbc.ConnectionImpl@4ff9f715
2024-01-19 12:30:29.094 [main] INFO com.zaxxer.hikari.HikariDataSource - HikariPool-1 - Start completed.
2024-01-19 12:30:29.215 [main] INFO org.hibernate.spatial - HHH80000003: hibernate-spatial adding type contributions from : org.hibernate.spatial.dialect.mysql.MySQLDialectContributor
2024-01-19 12:30:29.411 [main] INFO org.springframework.orm.jpa.persistenceunit.SpringPersistenceUnitInfo - No LoadTimeWeaver setup: ignoring JPA class transformer
2024-01-19 12:30:29.429 [main] INFO org.hibernate.spatial - HHH80000003: hibernate-spatial adding type contributions from : org.hibernate.spatial.dialect.mysql.MySQLDialectContributor
2024-01-19 12:30:29.764 [main] INFO org.hibernate.spatial - HHH80000004: hibernate-spatial adding function contributions from : org.hibernate.spatial.dialect.mysql.MySQLDialectContributor
2024-01-19 12:30:30.591 [main] INFO org.hibernate.engine.transaction.jta.platform.internal.JtaPlatformInitiator - HHH000489: No JTA platform available (set 'hibernate.transaction.jta.platform' to enable JTA platform integration)
2024-01-19 12:30:30.927 [main] INFO org.springframework.orm.jpa.LocalContainerEntityManagerFactoryBean - Initialized JPA EntityManagerFactory for persistence unit 'default'
2024-01-19 12:30:31.642 [main] INFO org.springframework.data.jpa.repository.query.QueryEnhancerFactory - Hibernate is in classpath; If applicable, HQL parser will be used.
2024-01-19 12:30:33.376 [main] WARN org.springframework.boot.autoconfigure.orm.jpa.JpaBaseConfiguration$JpaWebConfiguration - spring.jpa.open-in-view is enabled by default. Therefore, database queries may be performed during view rendering. Explicitly configure spring.jpa.open-in-view to disable this warning
2024-01-19 12:30:33.606 [main] INFO org.springframework.boot.autoconfigure.web.servlet.WelcomePageHandlerMapping - Adding welcome page: class path resource [static/index.html]
2024-01-19 12:30:34.921 [main] INFO org.springframework.security.web.DefaultSecurityFilterChain - Will secure any request with [org.springframework.security.web.session.DisableEncodeUrlFilter@1278c48f, org.springframework.security.web.context.request.async.WebAsyncManagerIntegrationFilter@6137a032, org.springframework.security.web.context.SecurityContextHolderFilter@4bfd9e3a, org.springframework.security.web.header.HeaderWriterFilter@763d7eef, org.springframework.web.filter.CorsFilter@716d4283, org.springframework.security.web.authentication.logout.LogoutFilter@775b908f, com.chatty.jwt.JwtTokenFilter@1c1082d9, org.springframework.security.web.savedrequest.RequestCacheAwareFilter@56c45636, org.springframework.security.web.servletapi.SecurityContextHolderAwareRequestFilter@6becf200, org.springframework.security.web.authentication.AnonymousAuthenticationFilter@48187168, org.springframework.security.web.access.ExceptionTranslationFilter@4de6c6b9, org.springframework.security.web.access.intercept.AuthorizationFilter@3f698ab8]
2024-01-19 12:30:34.939 [main] WARN org.springframework.security.config.annotation.web.builders.WebSecurity - You are asking Spring Security to ignore Mvc [pattern='/users/join']. This is not recommended -- please use permitAll via HttpSecurity#authorizeHttpRequests instead.
2024-01-19 12:30:34.940 [main] INFO org.springframework.security.web.DefaultSecurityFilterChain - Will not secure Mvc [pattern='/users/join']
2024-01-19 12:30:34.940 [main] WARN org.springframework.security.config.annotation.web.builders.WebSecurity - You are asking Spring Security to ignore Mvc [pattern='/users/login']. This is not recommended -- please use permitAll via HttpSecurity#authorizeHttpRequests instead.
2024-01-19 12:30:34.940 [main] INFO org.springframework.security.web.DefaultSecurityFilterChain - Will not secure Mvc [pattern='/users/login']
2024-01-19 12:30:34.940 [main] WARN org.springframework.security.config.annotation.web.builders.WebSecurity - You are asking Spring Security to ignore Mvc [pattern='/ws']. This is not recommended -- please use permitAll via HttpSecurity#authorizeHttpRequests instead.
2024-01-19 12:30:34.940 [main] INFO org.springframework.security.web.DefaultSecurityFilterChain - Will not secure Mvc [pattern='/ws']
2024-01-19 12:30:34.940 [main] WARN org.springframework.security.config.annotation.web.builders.WebSecurity - You are asking Spring Security to ignore Mvc [pattern='/auth/**']. This is not recommended -- please use permitAll via HttpSecurity#authorizeHttpRequests instead.
2024-01-19 12:30:34.940 [main] INFO org.springframework.security.web.DefaultSecurityFilterChain - Will not secure Mvc [pattern='/auth/**']
2024-01-19 12:30:34.940 [main] WARN org.springframework.security.config.annotation.web.builders.WebSecurity - You are asking Spring Security to ignore Mvc [pattern='/swagger-ui/**']. This is not recommended -- please use permitAll via HttpSecurity#authorizeHttpRequests instead.
2024-01-19 12:30:34.940 [main] INFO org.springframework.security.web.DefaultSecurityFilterChain - Will not secure Mvc [pattern='/swagger-ui/**']
2024-01-19 12:30:34.940 [main] WARN org.springframework.security.config.annotation.web.builders.WebSecurity - You are asking Spring Security to ignore Mvc [pattern='/v3/api-docs/**']. This is not recommended -- please use permitAll via HttpSecurity#authorizeHttpRequests instead.
2024-01-19 12:30:34.940 [main] INFO org.springframework.security.web.DefaultSecurityFilterChain - Will not secure Mvc [pattern='/v3/api-docs/**']
2024-01-19 12:30:34.940 [main] WARN org.springframework.security.config.annotation.web.builders.WebSecurity - You are asking Spring Security to ignore Mvc [pattern='/index.html']. This is not recommended -- please use permitAll via HttpSecurity#authorizeHttpRequests instead.
2024-01-19 12:30:34.940 [main] INFO org.springframework.security.web.DefaultSecurityFilterChain - Will not secure Mvc [pattern='/index.html']
2024-01-19 12:30:34.941 [main] WARN org.springframework.security.config.annotation.web.builders.WebSecurity - You are asking Spring Security to ignore Mvc [pattern='/matching/**']. This is not recommended -- please use permitAll via HttpSecurity#authorizeHttpRequests instead.
2024-01-19 12:30:34.941 [main] INFO org.springframework.security.web.DefaultSecurityFilterChain - Will not secure Mvc [pattern='/matching/**']
2024-01-19 12:30:35.509 [main] INFO org.apache.coyote.http11.Http11NioProtocol - Starting ProtocolHandler ["http-nio-8080"]
2024-01-19 12:30:35.537 [main] INFO org.springframework.boot.web.embedded.tomcat.TomcatWebServer - Tomcat started on port 8080 (http) with context path ''
2024-01-19 12:30:35.540 [main] INFO org.springframework.messaging.simp.broker.SimpleBrokerMessageHandler - Starting...
2024-01-19 12:30:35.542 [main] INFO org.springframework.messaging.simp.broker.SimpleBrokerMessageHandler - BrokerAvailabilityEvent[available=true, SimpleBrokerMessageHandler [org.springframework.messaging.simp.broker.DefaultSubscriptionRegistry@ed37e52]]
2024-01-19 12:30:35.542 [main] INFO org.springframework.messaging.simp.broker.SimpleBrokerMessageHandler - Started.
2024-01-19 12:30:35.569 [main] INFO com.chatty.ChattyApplication - Started ChattyApplication in 11.302 seconds (process running for 12.461)
2024-01-19 12:31:35.529 [MessageBroker-1] INFO org.springframework.web.socket.config.WebSocketMessageBrokerStats - WebSocketSession[0 current WS(0)-HttpStream(0)-HttpPoll(0), 0 total, 0 closed abnormally (0 connect failure, 0 send limit, 0 transport error)], stompSubProtocol[processed CONNECT(0)-CONNECTED(0)-DISCONNECT(0)], stompBrokerRelay[null], inboundChannel[pool size = 0, active threads = 0, queued tasks = 0, completed tasks = 0], outboundChannel[pool size = 0, active threads = 0, queued tasks = 0, completed tasks = 0], sockJsScheduler[pool size = 1, active threads = 1, queued tasks = 0, completed tasks = 0]
2024-01-19 12:38:11.611 [http-nio-8080-exec-2] INFO org.apache.catalina.core.ContainerBase.[Tomcat].[localhost].[/] - Initializing Spring DispatcherServlet 'dispatcherServlet'
2024-01-19 12:38:11.612 [http-nio-8080-exec-2] INFO org.springframework.web.servlet.DispatcherServlet - Initializing Servlet 'dispatcherServlet'
2024-01-19 12:38:11.619 [http-nio-8080-exec-2] INFO org.springframework.web.servlet.DispatcherServlet - Completed initialization in 6 ms
2024-01-19 12:38:11.630 [http-nio-8080-exec-2] WARN org.springframework.web.servlet.handler.HandlerMappingIntrospector - Cache miss for REQUEST dispatch to '/auth/mobile' (previous null). Performing MatchableHandlerMapping lookup. This is logged once only at WARN level, and every time at TRACE.
2024-01-19 12:38:11.667 [http-nio-8080-exec-2] INFO com.chatty.interceptor.RateLimitInterceptor - remaining token : 20
2024-01-19 12:38:11.917 [http-nio-8080-exec-2] INFO com.chatty.controller.auth.AuthController - 번호 인증 요청
2024-01-19 12:38:12.439 [http-nio-8080-exec-2] INFO com.chatty.service.sms.SmsService - 번호 인증 요청 정보 저장 완료 : 873784
2024-01-19 12:38:18.759 [SpringApplicationShutdownHook] INFO org.springframework.messaging.simp.broker.SimpleBrokerMessageHandler - Stopping...
2024-01-19 12:38:18.763 [SpringApplicationShutdownHook] INFO org.springframework.messaging.simp.broker.SimpleBrokerMessageHandler - BrokerAvailabilityEvent[available=false, SimpleBrokerMessageHandler [org.springframework.messaging.simp.broker.DefaultSubscriptionRegistry@ed37e52]]
2024-01-19 12:38:18.763 [SpringApplicationShutdownHook] INFO org.springframework.messaging.simp.broker.SimpleBrokerMessageHandler - Stopped.
