2024-02-05 20:20:01.530 [background-preinit] INFO org.hibernate.validator.internal.util.Version - HV000001: Hibernate Validator 8.0.1.Final
2024-02-05 20:20:01.570 [main] INFO com.chatty.ChattyApplication - Starting ChattyApplication using Java 18.0.2 with PID 36807 (/Users/developer/IdeaProjects/Chatty-Backend/build/classes/java/main started by developer in /Users/developer/IdeaProjects/Chatty-Backend)
2024-02-05 20:20:01.574 [main] INFO com.chatty.ChattyApplication - No active profile set, falling back to 1 default profile: "default"
2024-02-05 20:20:02.808 [main] INFO org.springframework.data.repository.config.RepositoryConfigurationDelegate - Multiple Spring Data modules found, entering strict repository configuration mode
2024-02-05 20:20:02.809 [main] INFO org.springframework.data.repository.config.RepositoryConfigurationDelegate - Bootstrapping Spring Data Redis repositories in DEFAULT mode.
2024-02-05 20:20:02.835 [main] INFO org.springframework.data.repository.config.RepositoryConfigurationDelegate - Finished Spring Data repository scanning in 12 ms. Found 0 Redis repository interfaces.
2024-02-05 20:20:03.255 [main] INFO org.springframework.data.repository.config.RepositoryConfigurationDelegate - Multiple Spring Data modules found, entering strict repository configuration mode
2024-02-05 20:20:03.256 [main] INFO org.springframework.data.repository.config.RepositoryConfigurationDelegate - Bootstrapping Spring Data JPA repositories in DEFAULT mode.
2024-02-05 20:20:03.544 [main] INFO org.springframework.data.repository.config.RepositoryConfigurationDelegate - Finished Spring Data repository scanning in 284 ms. Found 6 JPA repository interfaces.
2024-02-05 20:20:03.561 [main] INFO org.springframework.data.repository.config.RepositoryConfigurationDelegate - Multiple Spring Data modules found, entering strict repository configuration mode
2024-02-05 20:20:03.562 [main] INFO org.springframework.data.repository.config.RepositoryConfigurationDelegate - Bootstrapping Spring Data Redis repositories in DEFAULT mode.
2024-02-05 20:20:03.575 [main] INFO org.springframework.data.repository.config.RepositoryConfigurationExtensionSupport - Spring Data Redis - Could not safely identify store assignment for repository candidate interface com.chatty.repository.chat.ChatRoomRepository; If you want this repository to be a Redis repository, consider annotating your entities with one of these annotations: org.springframework.data.redis.core.RedisHash (preferred), or consider extending one of the following types with your repository: org.springframework.data.keyvalue.repository.KeyValueRepository
2024-02-05 20:20:03.577 [main] INFO org.springframework.data.repository.config.RepositoryConfigurationExtensionSupport - Spring Data Redis - Could not safely identify store assignment for repository candidate interface com.chatty.repository.chat.MessageRepository; If you want this repository to be a Redis repository, consider annotating your entities with one of these annotations: org.springframework.data.redis.core.RedisHash (preferred), or consider extending one of the following types with your repository: org.springframework.data.keyvalue.repository.KeyValueRepository
2024-02-05 20:20:03.577 [main] INFO org.springframework.data.repository.config.RepositoryConfigurationExtensionSupport - Spring Data Redis - Could not safely identify store assignment for repository candidate interface com.chatty.repository.check.AuthCheckRepository; If you want this repository to be a Redis repository, consider annotating your entities with one of these annotations: org.springframework.data.redis.core.RedisHash (preferred), or consider extending one of the following types with your repository: org.springframework.data.keyvalue.repository.KeyValueRepository
2024-02-05 20:20:03.577 [main] INFO org.springframework.data.repository.config.RepositoryConfigurationExtensionSupport - Spring Data Redis - Could not safely identify store assignment for repository candidate interface com.chatty.repository.match.MatchHistoryRepository; If you want this repository to be a Redis repository, consider annotating your entities with one of these annotations: org.springframework.data.redis.core.RedisHash (preferred), or consider extending one of the following types with your repository: org.springframework.data.keyvalue.repository.KeyValueRepository
2024-02-05 20:20:03.580 [main] INFO org.springframework.data.repository.config.RepositoryConfigurationExtensionSupport - Spring Data Redis - Could not safely identify store assignment for repository candidate interface com.chatty.repository.match.MatchRepository; If you want this repository to be a Redis repository, consider annotating your entities with one of these annotations: org.springframework.data.redis.core.RedisHash (preferred), or consider extending one of the following types with your repository: org.springframework.data.keyvalue.repository.KeyValueRepository
2024-02-05 20:20:03.580 [main] INFO org.springframework.data.repository.config.RepositoryConfigurationExtensionSupport - Spring Data Redis - Could not safely identify store assignment for repository candidate interface com.chatty.repository.user.UserRepository; If you want this repository to be a Redis repository, consider annotating your entities with one of these annotations: org.springframework.data.redis.core.RedisHash (preferred), or consider extending one of the following types with your repository: org.springframework.data.keyvalue.repository.KeyValueRepository
2024-02-05 20:20:03.580 [main] INFO org.springframework.data.repository.config.RepositoryConfigurationDelegate - Finished Spring Data repository scanning in 18 ms. Found 0 Redis repository interfaces.
2024-02-05 20:20:04.593 [main] INFO org.springframework.boot.web.embedded.tomcat.TomcatWebServer - Tomcat initialized with port 8080 (http)
2024-02-05 20:20:04.607 [main] INFO org.apache.coyote.http11.Http11NioProtocol - Initializing ProtocolHandler ["http-nio-8080"]
2024-02-05 20:20:04.610 [main] INFO org.apache.catalina.core.StandardService - Starting service [Tomcat]
2024-02-05 20:20:04.611 [main] INFO org.apache.catalina.core.StandardEngine - Starting Servlet engine: [Apache Tomcat/10.1.16]
2024-02-05 20:20:04.709 [main] INFO org.apache.catalina.core.ContainerBase.[Tomcat].[localhost].[/] - Initializing Spring embedded WebApplicationContext
2024-02-05 20:20:04.709 [main] INFO org.springframework.boot.web.servlet.context.ServletWebServerApplicationContext - Root WebApplicationContext: initialization completed in 3059 ms
2024-02-05 20:20:04.960 [main] INFO org.hibernate.jpa.internal.util.LogHelper - HHH000204: Processing PersistenceUnitInfo [name: default]
2024-02-05 20:20:05.008 [main] INFO org.hibernate.Version - HHH000412: Hibernate ORM core version 6.3.1.Final
2024-02-05 20:20:05.019 [main] INFO org.hibernate.spatial.integration.SpatialService - HHH80000001: hibernate-spatial integration enabled : true
2024-02-05 20:20:05.042 [main] INFO org.hibernate.cache.internal.RegionFactoryInitiator - HHH000026: Second-level cache disabled
2024-02-05 20:20:05.145 [main] INFO com.zaxxer.hikari.HikariDataSource - HikariPool-1 - Starting...
2024-02-05 20:20:05.640 [main] INFO com.zaxxer.hikari.pool.HikariPool - HikariPool-1 - Added connection com.mysql.cj.jdbc.ConnectionImpl@67593f7b
2024-02-05 20:20:05.642 [main] INFO com.zaxxer.hikari.HikariDataSource - HikariPool-1 - Start completed.
2024-02-05 20:20:05.781 [main] INFO org.hibernate.spatial - HHH80000003: hibernate-spatial adding type contributions from : org.hibernate.spatial.dialect.mysql.MySQLDialectContributor
2024-02-05 20:20:06.287 [main] INFO org.springframework.orm.jpa.persistenceunit.SpringPersistenceUnitInfo - No LoadTimeWeaver setup: ignoring JPA class transformer
2024-02-05 20:20:06.386 [main] INFO org.hibernate.spatial - HHH80000003: hibernate-spatial adding type contributions from : org.hibernate.spatial.dialect.mysql.MySQLDialectContributor
2024-02-05 20:20:07.569 [main] INFO org.hibernate.spatial - HHH80000004: hibernate-spatial adding function contributions from : org.hibernate.spatial.dialect.mysql.MySQLDialectContributor
2024-02-05 20:20:09.917 [main] INFO org.hibernate.engine.transaction.jta.platform.internal.JtaPlatformInitiator - HHH000489: No JTA platform available (set 'hibernate.transaction.jta.platform' to enable JTA platform integration)
2024-02-05 20:20:11.050 [main] INFO org.springframework.orm.jpa.LocalContainerEntityManagerFactoryBean - Initialized JPA EntityManagerFactory for persistence unit 'default'
2024-02-05 20:20:11.832 [main] INFO org.springframework.data.jpa.repository.query.QueryEnhancerFactory - Hibernate is in classpath; If applicable, HQL parser will be used.
2024-02-05 20:20:14.010 [main] WARN org.springframework.boot.autoconfigure.orm.jpa.JpaBaseConfiguration$JpaWebConfiguration - spring.jpa.open-in-view is enabled by default. Therefore, database queries may be performed during view rendering. Explicitly configure spring.jpa.open-in-view to disable this warning
2024-02-05 20:20:14.258 [main] INFO org.springframework.boot.autoconfigure.web.servlet.WelcomePageHandlerMapping - Adding welcome page: class path resource [static/index.html]
2024-02-05 20:20:16.163 [main] INFO org.springframework.security.web.DefaultSecurityFilterChain - Will secure any request with [org.springframework.security.web.session.DisableEncodeUrlFilter@5eab49e8, org.springframework.security.web.context.request.async.WebAsyncManagerIntegrationFilter@1f837ac0, org.springframework.security.web.context.SecurityContextHolderFilter@14221dc6, org.springframework.security.web.header.HeaderWriterFilter@2613a6fc, org.springframework.web.filter.CorsFilter@232b4552, org.springframework.security.web.authentication.logout.LogoutFilter@162c02a2, com.chatty.jwt.JwtTokenFilter@739785c5, org.springframework.security.web.savedrequest.RequestCacheAwareFilter@232dda63, org.springframework.security.web.servletapi.SecurityContextHolderAwareRequestFilter@2f541378, org.springframework.security.web.authentication.AnonymousAuthenticationFilter@77f76656, org.springframework.security.web.access.ExceptionTranslationFilter@25f90920, org.springframework.security.web.access.intercept.AuthorizationFilter@40e0213c]
2024-02-05 20:20:16.185 [main] WARN org.springframework.security.config.annotation.web.builders.WebSecurity - You are asking Spring Security to ignore Mvc [pattern='/users/join']. This is not recommended -- please use permitAll via HttpSecurity#authorizeHttpRequests instead.
2024-02-05 20:20:16.186 [main] INFO org.springframework.security.web.DefaultSecurityFilterChain - Will not secure Mvc [pattern='/users/join']
2024-02-05 20:20:16.186 [main] WARN org.springframework.security.config.annotation.web.builders.WebSecurity - You are asking Spring Security to ignore Mvc [pattern='/users/login']. This is not recommended -- please use permitAll via HttpSecurity#authorizeHttpRequests instead.
2024-02-05 20:20:16.186 [main] INFO org.springframework.security.web.DefaultSecurityFilterChain - Will not secure Mvc [pattern='/users/login']
2024-02-05 20:20:16.186 [main] WARN org.springframework.security.config.annotation.web.builders.WebSecurity - You are asking Spring Security to ignore Mvc [pattern='/check/**']. This is not recommended -- please use permitAll via HttpSecurity#authorizeHttpRequests instead.
2024-02-05 20:20:16.186 [main] INFO org.springframework.security.web.DefaultSecurityFilterChain - Will not secure Mvc [pattern='/check/**']
2024-02-05 20:20:16.186 [main] WARN org.springframework.security.config.annotation.web.builders.WebSecurity - You are asking Spring Security to ignore Mvc [pattern='/ws']. This is not recommended -- please use permitAll via HttpSecurity#authorizeHttpRequests instead.
2024-02-05 20:20:16.186 [main] INFO org.springframework.security.web.DefaultSecurityFilterChain - Will not secure Mvc [pattern='/ws']
2024-02-05 20:20:16.186 [main] WARN org.springframework.security.config.annotation.web.builders.WebSecurity - You are asking Spring Security to ignore Mvc [pattern='/auth/**']. This is not recommended -- please use permitAll via HttpSecurity#authorizeHttpRequests instead.
2024-02-05 20:20:16.186 [main] INFO org.springframework.security.web.DefaultSecurityFilterChain - Will not secure Mvc [pattern='/auth/**']
2024-02-05 20:20:16.186 [main] WARN org.springframework.security.config.annotation.web.builders.WebSecurity - You are asking Spring Security to ignore Mvc [pattern='/swagger-ui/**']. This is not recommended -- please use permitAll via HttpSecurity#authorizeHttpRequests instead.
2024-02-05 20:20:16.186 [main] INFO org.springframework.security.web.DefaultSecurityFilterChain - Will not secure Mvc [pattern='/swagger-ui/**']
2024-02-05 20:20:16.186 [main] WARN org.springframework.security.config.annotation.web.builders.WebSecurity - You are asking Spring Security to ignore Mvc [pattern='/v3/api-docs/**']. This is not recommended -- please use permitAll via HttpSecurity#authorizeHttpRequests instead.
2024-02-05 20:20:16.186 [main] INFO org.springframework.security.web.DefaultSecurityFilterChain - Will not secure Mvc [pattern='/v3/api-docs/**']
2024-02-05 20:20:16.186 [main] WARN org.springframework.security.config.annotation.web.builders.WebSecurity - You are asking Spring Security to ignore Mvc [pattern='/index.html']. This is not recommended -- please use permitAll via HttpSecurity#authorizeHttpRequests instead.
2024-02-05 20:20:16.186 [main] INFO org.springframework.security.web.DefaultSecurityFilterChain - Will not secure Mvc [pattern='/index.html']
2024-02-05 20:20:16.186 [main] WARN org.springframework.security.config.annotation.web.builders.WebSecurity - You are asking Spring Security to ignore Mvc [pattern='/matching/**']. This is not recommended -- please use permitAll via HttpSecurity#authorizeHttpRequests instead.
2024-02-05 20:20:16.186 [main] INFO org.springframework.security.web.DefaultSecurityFilterChain - Will not secure Mvc [pattern='/matching/**']
2024-02-05 20:20:16.187 [main] WARN org.springframework.security.config.annotation.web.builders.WebSecurity - You are asking Spring Security to ignore Mvc [pattern='/ws/**']. This is not recommended -- please use permitAll via HttpSecurity#authorizeHttpRequests instead.
2024-02-05 20:20:16.187 [main] INFO org.springframework.security.web.DefaultSecurityFilterChain - Will not secure Mvc [pattern='/ws/**']
2024-02-05 20:20:16.736 [main] INFO org.apache.coyote.http11.Http11NioProtocol - Starting ProtocolHandler ["http-nio-8080"]
2024-02-05 20:20:16.764 [main] INFO org.springframework.boot.web.embedded.tomcat.TomcatWebServer - Tomcat started on port 8080 (http) with context path ''
2024-02-05 20:20:16.766 [main] INFO org.springframework.messaging.simp.broker.SimpleBrokerMessageHandler - Starting...
2024-02-05 20:20:16.768 [main] INFO org.springframework.messaging.simp.broker.SimpleBrokerMessageHandler - BrokerAvailabilityEvent[available=true, SimpleBrokerMessageHandler [org.springframework.messaging.simp.broker.DefaultSubscriptionRegistry@76aef382]]
2024-02-05 20:20:16.768 [main] INFO org.springframework.messaging.simp.broker.SimpleBrokerMessageHandler - Started.
2024-02-05 20:20:16.787 [main] INFO com.chatty.ChattyApplication - Started ChattyApplication in 16.187 seconds (process running for 17.685)
2024-02-05 20:20:37.657 [http-nio-8080-exec-2] INFO org.apache.catalina.core.ContainerBase.[Tomcat].[localhost].[/] - Initializing Spring DispatcherServlet 'dispatcherServlet'
2024-02-05 20:20:37.658 [http-nio-8080-exec-2] INFO org.springframework.web.servlet.DispatcherServlet - Initializing Servlet 'dispatcherServlet'
2024-02-05 20:20:37.662 [http-nio-8080-exec-2] INFO org.springframework.web.servlet.DispatcherServlet - Completed initialization in 4 ms
2024-02-05 20:20:37.673 [http-nio-8080-exec-2] WARN org.springframework.web.servlet.handler.HandlerMappingIntrospector - Cache miss for REQUEST dispatch to '/auth/mobile' (previous null). Performing MatchableHandlerMapping lookup. This is logged once only at WARN level, and every time at TRACE.
2024-02-05 20:20:37.715 [http-nio-8080-exec-2] INFO com.chatty.interceptor.RateLimitInterceptor - remaining token : 20
2024-02-05 20:20:37.935 [http-nio-8080-exec-2] INFO com.chatty.controller.auth.AuthController - 번호 인증 요청
2024-02-05 20:20:38.386 [http-nio-8080-exec-2] INFO com.chatty.service.sms.SmsService - 번호 인증 요청 정보 저장 완료 : 385271
2024-02-05 20:20:49.273 [http-nio-8080-exec-3] INFO com.chatty.interceptor.RateLimitInterceptor - remaining token : 19
2024-02-05 20:20:49.340 [http-nio-8080-exec-3] INFO com.chatty.controller.user.UserController - [UserController/join] 회원 가입 시작
2024-02-05 20:20:49.384 [http-nio-8080-exec-3] INFO com.chatty.service.user.UserService - [UserService/join] 회원 가입 시작
2024-02-05 20:20:49.384 [http-nio-8080-exec-3] INFO com.chatty.service.user.UserService - [UserService/isAlreadyExistedUser] 이미 가입한 유저인지 확인
2024-02-05 20:20:49.539 [http-nio-8080-exec-3] INFO com.chatty.service.sms.SmsService - 확인이 필요한 인증번호 : 385271
2024-02-05 20:20:49.539 [http-nio-8080-exec-3] ERROR com.chatty.service.user.UserService - 이미 존재 하는 유저 입니다.
2024-02-05 20:20:49.625 [http-nio-8080-exec-3] INFO com.chatty.service.user.UserService - [UserService/join] 회원 가입 완료
2024-02-05 20:20:49.627 [http-nio-8080-exec-3] INFO com.chatty.service.user.UserService - [UserService/createTokens] AccessToken, RefreshToken 생성
2024-02-05 20:20:49.725 [http-nio-8080-exec-3] INFO com.chatty.service.user.UserService - [UserService/createTokens] 생성한 accessToken : eyJhbGciOiJIUzI1NiJ9.eyJtb2JpbGVOdW1iZXIiOiIwMTA3NzI2NTEwOCIsImRldmljZUlkIjoiMTIzMTI0IiwiaWF0IjoxNzA3MTMyMDQ5LCJleHAiOjE3MDcxMzcwNDl9.UUwbjaIAZGU7nH-trrJbEO2MEg3qqJpzOcdjN9lj53U
2024-02-05 20:20:49.726 [http-nio-8080-exec-3] INFO com.chatty.service.user.UserService - [UserService/createTokens] 생성한 refreshToken : eyJhbGciOiJIUzI1NiJ9.eyJkZXZpY2VJZCI6IjAxMDc3MjY1MTA4IDEyMzEyNCIsImlhdCI6MTcwNzEzMjA0OSwiZXhwIjoxNzA3MTMyMzQ5fQ.iWIclLw6-jI76o5uDpu1HlEHtyh9wxf9853YC6BX_RM
2024-02-05 20:20:49.726 [http-nio-8080-exec-3] INFO com.chatty.service.user.UserService - [UserService/createTokens] RefreshToken Redis 저장
